 ikill499@gmail.com
Tue, 20 Oct 2020 18:24:04 GMT - Error - [SIGNUP] TypeError: Cannot read property 'user' of undefined
Tue, 20 Oct 2020 18:25:00 GMT - Info - Server is running on port: 3000
Tue, 20 Oct 2020 18:25:02 GMT - Info - Server is running on port: 3000
Tue, 20 Oct 2020 18:25:04 GMT - Info - Server is running on port: 3000
Tue, 20 Oct 2020 18:25:33 GMT - Debug - auth.service - signup with email: ikill499@gmail.com
Tue, 20 Oct 2020 18:25:49 GMT - Debug - auth.service - signup with email: grdgrdgrdgdrgd@fesf
Tue, 20 Oct 2020 18:25:50 GMT - Error - [SIGNUP] TypeError: Cannot read property 'user' of undefined
Tue, 20 Oct 2020 18:26:11 GMT - Info - Server is running on port: 3000
Tue, 20 Oct 2020 18:26:27 GMT - Debug - auth.service - signup with email: grddxgdrgd@fesf
Tue, 20 Oct 2020 18:26:29 GMT - Error - [SIGNUP] TypeError: Cannot read property 'user' of undefined
Tue, 20 Oct 2020 18:26:54 GMT - Info - Server is running on port: 3000
Tue, 20 Oct 2020 18:26:57 GMT - Debug - auth.service - signup with email: dgdrgd@fesf
Tue, 20 Oct 2020 18:27:43 GMT - Debug - auth.service - signup with email: ikill499@gmail.com
Tue, 20 Oct 2020 18:28:07 GMT - Debug - auth.service - signup with email: maorba6@walla.com
Tue, 20 Oct 2020 18:36:54 GMT - Debug - auth.service - signup with email: maorba6@walla.com
Tue, 20 Oct 2020 19:02:11 GMT - Info - Server is running on port: 3000
Wed, 21 Oct 2020 13:11:52 GMT - Info - Server is running on port: 3000
Wed, 21 Oct 2020 13:40:05 GMT - Info - Server is running on port: 3000
Thu, 22 Oct 2020 09:47:06 GMT - Info - Server is running on port: 3000
Thu, 22 Oct 2020 21:38:54 GMT - Info - Server is running on port: 3000
Thu, 22 Oct 2020 21:40:21 GMT - Debug - auth.service - signup with email: ikill499@gmail.com
Thu, 22 Oct 2020 21:40:22 GMT - Error - [SIGNUP] Error: secretOrPrivateKey must have a value
Thu, 22 Oct 2020 21:42:23 GMT - Info - Server is running on port: 3000
Thu, 22 Oct 2020 21:42:30 GMT - Info - Server is running on port: 3000
Thu, 22 Oct 2020 21:45:52 GMT - Info - Server is running on port: 3000
Thu, 22 Oct 2020 21:46:20 GMT - Debug - auth.service - signup with email: ikill499@gmail.com
Thu, 22 Oct 2020 21:46:22 GMT - Error - [SIGNUP] Error: secretOrPrivateKey must have a value
Thu, 22 Oct 2020 21:48:56 GMT - Debug - auth.service - signup with email: ikill499@gmail.com
Thu, 22 Oct 2020 21:48:57 GMT - Error - [SIGNUP] Error: secretOrPrivateKey must have a value
Thu, 22 Oct 2020 21:49:16 GMT - Info - Server is running on port: 3000
Thu, 22 Oct 2020 21:49:19 GMT - Info - Server is running on port: 3000
Thu, 22 Oct 2020 21:49:30 GMT - Info - Server is running on port: 3000
Thu, 22 Oct 2020 21:49:37 GMT - Info - Server is running on port: 3000
Thu, 22 Oct 2020 21:49:38 GMT - Info - Server is running on port: 3000
Thu, 22 Oct 2020 21:49:56 GMT - Debug - auth.service - signup with email: ikill499@gmail.com
Thu, 22 Oct 2020 21:49:57 GMT - Error - [SIGNUP] Error: secretOrPrivateKey must have a value
Thu, 22 Oct 2020 21:50:38 GMT - Debug - auth.service - signup with email: ikill499@gmail.com
Thu, 22 Oct 2020 21:50:38 GMT - Error - [SIGNUP] Error: secretOrPrivateKey must have a value
Thu, 22 Oct 2020 21:51:25 GMT - Info - Server is running on port: 3000
Thu, 22 Oct 2020 21:51:32 GMT - Debug - auth.service - signup with email: adi@gmail.com
Thu, 22 Oct 2020 21:52:09 GMT - Debug - auth.service - signup with email: ikill499@gmail.com
Thu, 22 Oct 2020 21:52:50 GMT - Info - Server is running on port: 3000
Thu, 22 Oct 2020 21:55:43 GMT - Info - Server is running on port: 3000
Fri, 23 Oct 2020 08:32:16 GMT - Info - Server is running on port: 3000
Fri, 23 Oct 2020 08:33:57 GMT - Debug - auth.service - signup with email: ikill499@gmail.com
Fri, 23 Oct 2020 09:45:55 GMT - Info - Server is running on port: 3000
Fri, 23 Oct 2020 09:47:07 GMT - Info - Server is running on port: 3000
Fri, 23 Oct 2020 09:47:12 GMT - Info - Server is running on port: 3000
Fri, 23 Oct 2020 09:47:13 GMT - Info - Server is running on port: 3000
Sat, 24 Oct 2020 06:54:14 GMT - Info - Server is running on port: 3000
Sat, 24 Oct 2020 06:55:20 GMT - Info - Server is running on port: 3000
Sat, 24 Oct 2020 06:55:21 GMT - Info - Server is running on port: 3000
Sat, 24 Oct 2020 06:56:39 GMT - Info - Server is running on port: 3000
Sat, 24 Oct 2020 06:57:20 GMT - Info - Server is running on port: 3000
Sat, 24 Oct 2020 06:57:21 GMT - Info - Server is running on port: 3000
Sat, 24 Oct 2020 06:58:33 GMT - Info - Server is running on port: 3000
Sat, 24 Oct 2020 06:59:49 GMT - Info - Server is running on port: 3000
Sat, 24 Oct 2020 06:59:59 GMT - Info - Server is running on port: 3000
Sat, 24 Oct 2020 07:00:09 GMT - Info - Server is running on port: 3001
Sat, 24 Oct 2020 07:00:29 GMT - Info - Server is running on port: 3000
Sat, 24 Oct 2020 07:01:36 GMT - Info - Server is running on port: 3000
Sat, 24 Oct 2020 07:17:02 GMT - Info - Server is running on port: 3000
Sat, 24 Oct 2020 07:17:34 GMT - Info - Server is running on port: 3000
Sat, 24 Oct 2020 13:02:27 GMT - Info - Server is running on port: 3000
Sat, 24 Oct 2020 13:03:15 GMT - Info - Server is running on port: 3000
Sat, 24 Oct 2020 13:05:19 GMT - Info - Server is running on port: 3000
Sat, 24 Oct 2020 14:56:06 GMT - Info - Server is running on port: 3000
Sat, 24 Oct 2020 14:59:16 GMT - Info - Server is running on port: 3000
Sat, 24 Oct 2020 14:59:40 GMT - Info - Server is running on port: 3000
Sat, 24 Oct 2020 15:00:02 GMT - Info - Server is running on port: 3000
Sat, 24 Oct 2020 16:26:22 GMT - Info - Server is running on port: 3000
Sun, 25 Oct 2020 07:10:44 GMT - Info - Server is running on port: 3000
Sun, 25 Oct 2020 07:11:58 GMT - Debug - auth.service - signup with email: ikill499@gmail.com
Sun, 25 Oct 2020 07:16:41 GMT - Info - Server is running on port: 3000
Sun, 25 Oct 2020 07:19:38 GMT - Info - Server is running on port: 3000
Sun, 25 Oct 2020 07:22:02 GMT - Info - Server is running on port: 3000
Sun, 25 Oct 2020 07:22:09 GMT - Info - Server is running on port: 3000
Sun, 25 Oct 2020 07:24:49 GMT - Info - Server is running on port: 3000
Sun, 25 Oct 2020 07:25:05 GMT - Info - Server is running on port: 3000
Sun, 25 Oct 2020 07:25:09 GMT - Info - Server is running on port: 3000
Sun, 25 Oct 2020 07:25:12 GMT - Info - Server is running on port: 3000
Sun, 25 Oct 2020 07:25:18 GMT - Info - Server is running on port: 3000
Sun, 25 Oct 2020 07:25:19 GMT - Info - Server is running on port: 3000
Sun, 25 Oct 2020 07:25:29 GMT - Debug - auth.service - signup with email: ikill499@gmail.com
Sun, 25 Oct 2020 09:13:47 GMT - Info - Server is running on port: 3000
Sun, 25 Oct 2020 09:15:01 GMT - Info - Server is running on port: 3000
Sun, 25 Oct 2020 10:21:26 GMT - Info - Server is running on port: 3000
Sun, 25 Oct 2020 10:50:00 GMT - Debug - auth.service - signup with email: wadwa@fsefe
Sun, 25 Oct 2020 10:56:47 GMT - Info - Server is running on port: 3000
Sun, 25 Oct 2020 13:30:34 GMT - Info - Server is running on port: 3000
Sun, 25 Oct 2020 15:37:22 GMT - Info - Server is running on port: 3000
Sun, 25 Oct 2020 16:21:18 GMT - Info - Server is running on port: 3000
Sun, 25 Oct 2020 16:21:22 GMT - Info - Server is running on port: 3000
Sun, 25 Oct 2020 16:21:25 GMT - Info - Server is running on port: 3000
Sun, 25 Oct 2020 16:21:44 GMT - Info - Server is running on port: 3000
Sun, 25 Oct 2020 16:22:16 GMT - Info - Server is running on port: 3000
Sun, 25 Oct 2020 16:23:52 GMT - Info - Server is running on port: 3000
Sun, 25 Oct 2020 16:24:09 GMT - Info - Server is running on port: 3000
Sun, 25 Oct 2020 16:24:14 GMT - Info - Server is running on port: 3000
Sun, 25 Oct 2020 16:24:23 GMT - Info - Server is running on port: 3000
Sun, 25 Oct 2020 16:24:29 GMT - Info - Server is running on port: 3000
Sun, 25 Oct 2020 16:24:32 GMT - Info - Server is running on port: 3000
Sun, 25 Oct 2020 16:28:25 GMT - Info - Server is running on port: 3000
Sun, 25 Oct 2020 16:28:29 GMT - Info - Server is running on port: 3000
Sun, 25 Oct 2020 16:28:40 GMT - Info - Server is running on port: 3000
Sun, 25 Oct 2020 16:30:08 GMT - Debug - auth.service - signup with email: sfef@cef
Sun, 25 Oct 2020 16:30:43 GMT - Info - Server is running on port: 3000
Sun, 25 Oct 2020 16:30:59 GMT - Debug - auth.service - signup with email: 34fesfse@efse
Sun, 25 Oct 2020 16:31:32 GMT - Info - Server is running on port: 3000
Mon, 26 Oct 2020 08:12:49 GMT - Info - Server is running on port: 3000
Mon, 26 Oct 2020 08:19:16 GMT - Info - Server is running on port: 3000
Tue, 27 Oct 2020 08:30:47 GMT - Info - Server is running on port: 3000
Tue, 27 Oct 2020 08:32:07 GMT - Info - Server is running on port: 3000
Tue, 27 Oct 2020 08:32:10 GMT - Info - Server is running on port: 3000
Tue, 27 Oct 2020 08:35:30 GMT - Info - Server is running on port: 3000
Tue, 27 Oct 2020 08:35:32 GMT - Info - Server is running on port: 3000
Tue, 27 Oct 2020 08:35:46 GMT - Info - Server is running on port: 3000
Tue, 27 Oct 2020 08:52:44 GMT - Info - Server is running on port: 3000
Tue, 27 Oct 2020 09:02:10 GMT - Info - Server is running on port: 3000
Tue, 27 Oct 2020 09:02:17 GMT - Info - Server is running on port: 3000
Tue, 27 Oct 2020 09:02:21 GMT - Info - Server is running on port: 3000
Tue, 27 Oct 2020 09:02:59 GMT - Info - Server is running on port: 3000
Tue, 27 Oct 2020 09:09:12 GMT - Info - Server is running on port: 3000
Tue, 27 Oct 2020 09:11:10 GMT - Info - Server is running on port: 3000
Tue, 27 Oct 2020 09:14:05 GMT - Info - Server is running on port: 3000
Tue, 27 Oct 2020 09:14:11 GMT - Info - Server is running on port: 3000
Tue, 27 Oct 2020 09:39:37 GMT - Info - Server is running on port: 3000
Tue, 27 Oct 2020 09:39:38 GMT - Info - Server is running on port: 3000
Tue, 27 Oct 2020 09:39:43 GMT - Info - Server is running on port: 3000
Tue, 27 Oct 2020 09:39:45 GMT - Info - Server is running on port: 3000
Tue, 27 Oct 2020 09:39:51 GMT - Info - Server is running on port: 3000
Tue, 27 Oct 2020 09:52:40 GMT - Info - Server is running on port: 3000
Tue, 27 Oct 2020 09:53:26 GMT - Info - Server is running on port: 3000
Tue, 27 Oct 2020 09:54:42 GMT - Info - Server is running on port: 3000
Tue, 27 Oct 2020 09:54:44 GMT - Info - Server is running on port: 3000
Tue, 27 Oct 2020 09:54:49 GMT - Info - Server is running on port: 3000
Tue, 27 Oct 2020 09:55:03 GMT - Info - Server is running on port: 3000
Tue, 27 Oct 2020 09:55:18 GMT - Info - Server is running on port: 3000
Tue, 27 Oct 2020 09:55:51 GMT - Info - Server is running on port: 3000
Tue, 27 Oct 2020 10:02:10 GMT - Info - Server is running on port: 3000
Tue, 27 Oct 2020 10:02:20 GMT - Info - Server is running on port: 3000
Tue, 27 Oct 2020 10:02:22 GMT - Info - Server is running on port: 3000
Tue, 27 Oct 2020 10:02:25 GMT - Info - Server is running on port: 3000
Tue, 27 Oct 2020 10:02:33 GMT - Info - Server is running on port: 3000
Tue, 27 Oct 2020 10:02:36 GMT - Info - Server is running on port: 3000
Tue, 27 Oct 2020 10:02:42 GMT - Info - Server is running on port: 3000
Tue, 27 Oct 2020 10:02:45 GMT - Info - Server is running on port: 3000
Tue, 27 Oct 2020 10:02:49 GMT - Info - Server is running on port: 3000
Tue, 27 Oct 2020 10:11:24 GMT - Info - Server is running on port: 3000
Tue, 27 Oct 2020 10:11:30 GMT - Info - Server is running on port: 3000
Tue, 27 Oct 2020 10:11:31 GMT - Info - Server is running on port: 3000
Tue, 27 Oct 2020 10:11:56 GMT - Info - Server is running on port: 3000
Tue, 27 Oct 2020 10:43:38 GMT - Info - Server is running on port: 3000
Tue, 27 Oct 2020 10:43:40 GMT - Info - Server is running on port: 3000
Tue, 27 Oct 2020 10:45:49 GMT - Info - Server is running on port: 3000
Tue, 27 Oct 2020 10:45:50 GMT - Info - Server is running on port: 3000
Tue, 27 Oct 2020 10:45:53 GMT - Info - Server is running on port: 3000
Tue, 27 Oct 2020 10:46:03 GMT - Info - Server is running on port: 3000
Tue, 27 Oct 2020 10:46:06 GMT - Info - Server is running on port: 3000
Tue, 27 Oct 2020 10:46:13 GMT - Info - Server is running on port: 3000
Tue, 27 Oct 2020 10:46:30 GMT - Info - Server is running on port: 3000
Tue, 27 Oct 2020 10:46:33 GMT - Info - Server is running on port: 3000
Tue, 27 Oct 2020 10:46:41 GMT - Info - Server is running on port: 3000
Tue, 27 Oct 2020 10:46:42 GMT - Info - Server is running on port: 3000
Tue, 27 Oct 2020 10:46:44 GMT - Info - Server is running on port: 3000
Tue, 27 Oct 2020 10:46:45 GMT - Info - Server is running on port: 3000
Tue, 27 Oct 2020 11:22:58 GMT - Info - Server is running on port: 3000
Tue, 27 Oct 2020 11:23:31 GMT - Info - Server is running on port: 3000
Tue, 27 Oct 2020 11:23:44 GMT - Info - Server is running on port: 3000
Tue, 27 Oct 2020 11:23:49 GMT - Info - Server is running on port: 3000
Tue, 27 Oct 2020 11:25:08 GMT - Info - Server is running on port: 3000
Tue, 27 Oct 2020 11:25:14 GMT - Info - Server is running on port: 3000
Tue, 27 Oct 2020 11:25:16 GMT - Info - Server is running on port: 3000
Tue, 27 Oct 2020 11:25:23 GMT - Info - Server is running on port: 3000
Tue, 27 Oct 2020 11:25:28 GMT - Info - Server is running on port: 3000
Tue, 27 Oct 2020 11:26:52 GMT - Info - Server is running on port: 3000
Tue, 27 Oct 2020 11:26:56 GMT - Info - Server is running on port: 3000
Tue, 27 Oct 2020 11:27:51 GMT - Info - Server is running on port: 3000
Tue, 27 Oct 2020 11:27:54 GMT - Info - Server is running on port: 3000
Tue, 27 Oct 2020 11:28:03 GMT - Info - Server is running on port: 3000
Tue, 27 Oct 2020 11:28:17 GMT - Info - Server is running on port: 3000
Tue, 27 Oct 2020 11:28:21 GMT - Info - Server is running on port: 3000
Tue, 27 Oct 2020 11:28:27 GMT - Info - Server is running on port: 3000
Tue, 27 Oct 2020 11:36:34 GMT - Info - Server is running on port: 3000
Tue, 27 Oct 2020 11:36:48 GMT - Info - Server is running on port: 3000
Tue, 27 Oct 2020 11:36:50 GMT - Info - Server is running on port: 3000
Tue, 27 Oct 2020 11:36:52 GMT - Info - Server is running on port: 3000
Tue, 27 Oct 2020 11:36:59 GMT - Info - Server is running on port: 3000
Tue, 27 Oct 2020 11:37:09 GMT - Info - Server is running on port: 3000
Tue, 27 Oct 2020 11:37:15 GMT - Info - Server is running on port: 3000
Tue, 27 Oct 2020 11:37:19 GMT - Info - Server is running on port: 3000
Tue, 27 Oct 2020 11:37:22 GMT - Info - Server is running on port: 3000
Tue, 27 Oct 2020 11:38:49 GMT - Info - Server is running on port: 3000
Tue, 27 Oct 2020 11:38:54 GMT - Info - Server is running on port: 3000
Tue, 27 Oct 2020 11:39:00 GMT - Info - Server is running on port: 3000
Tue, 27 Oct 2020 11:39:05 GMT - Info - Server is running on port: 3000
Tue, 27 Oct 2020 11:39:25 GMT - Info - Server is running on port: 3000
Tue, 27 Oct 2020 11:40:50 GMT - Info - Server is running on port: 3000
Tue, 27 Oct 2020 11:42:08 GMT - Info - Server is running on port: 3000
Tue, 27 Oct 2020 11:42:10 GMT - Info - Server is running on port: 3000
Tue, 27 Oct 2020 11:42:12 GMT - Info - Server is running on port: 3000
Tue, 27 Oct 2020 11:42:17 GMT - Info - Server is running on port: 3000
Tue, 27 Oct 2020 11:42:46 GMT - Info - Server is running on port: 3000
Tue, 27 Oct 2020 11:44:48 GMT - Info - Server is running on port: 3000
Tue, 27 Oct 2020 11:44:53 GMT - Info - Server is running on port: 3000
Tue, 27 Oct 2020 11:45:41 GMT - Info - Server is running on port: 3000
Tue, 27 Oct 2020 11:45:57 GMT - Info - Server is running on port: 3000
Tue, 27 Oct 2020 11:46:00 GMT - Info - Server is running on port: 3000
Tue, 27 Oct 2020 11:46:03 GMT - Info - Server is running on port: 3000
Tue, 27 Oct 2020 11:46:08 GMT - Info - Server is running on port: 3000
Tue, 27 Oct 2020 11:47:04 GMT - Info - Server is running on port: 3000
Tue, 27 Oct 2020 11:47:12 GMT - Info - Server is running on port: 3000
Tue, 27 Oct 2020 11:47:16 GMT - Info - Server is running on port: 3000
Tue, 27 Oct 2020 11:47:24 GMT - Info - Server is running on port: 3000
Tue, 27 Oct 2020 11:47:28 GMT - Info - Server is running on port: 3000
Tue, 27 Oct 2020 11:47:40 GMT - Info - Server is running on port: 3000
Tue, 27 Oct 2020 11:47:45 GMT - Info - Server is running on port: 3000
Tue, 27 Oct 2020 11:47:49 GMT - Info - Server is running on port: 3000
Tue, 27 Oct 2020 11:47:52 GMT - Info - Server is running on port: 3000
Tue, 27 Oct 2020 11:48:05 GMT - Info - Server is running on port: 3000
Tue, 27 Oct 2020 11:48:10 GMT - Info - Server is running on port: 3000
Tue, 27 Oct 2020 11:48:11 GMT - Info - Server is running on port: 3000
Tue, 27 Oct 2020 11:48:45 GMT - Info - Server is running on port: 3000
Tue, 27 Oct 2020 11:50:30 GMT - Info - Server is running on port: 3000
Tue, 27 Oct 2020 11:50:31 GMT - Info - Server is running on port: 3000
Tue, 27 Oct 2020 11:50:38 GMT - Info - Server is running on port: 3000
Tue, 27 Oct 2020 11:53:28 GMT - Info - Server is running on port: 3000
Tue, 27 Oct 2020 11:53:30 GMT - Info - Server is running on port: 3000
Tue, 27 Oct 2020 11:53:54 GMT - Info - Server is running on port: 3000
Tue, 27 Oct 2020 11:54:05 GMT - Info - Server is running on port: 3000
Tue, 27 Oct 2020 11:54:08 GMT - Info - Server is running on port: 3000
Tue, 27 Oct 2020 11:54:49 GMT - Info - Server is running on port: 3000
Tue, 27 Oct 2020 11:54:53 GMT - Info - Server is running on port: 3000
Tue, 27 Oct 2020 11:54:54 GMT - Info - Server is running on port: 3000
Tue, 27 Oct 2020 11:55:01 GMT - Info - Server is running on port: 3000
Tue, 27 Oct 2020 11:55:03 GMT - Info - Server is running on port: 3000
Tue, 27 Oct 2020 11:55:08 GMT - Info - Server is running on port: 3000
Tue, 27 Oct 2020 11:55:15 GMT - Info - Server is running on port: 3000
Tue, 27 Oct 2020 11:55:19 GMT - Info - Server is running on port: 3000
Tue, 27 Oct 2020 11:55:21 GMT - Info - Server is running on port: 3000
Tue, 27 Oct 2020 11:55:35 GMT - Info - Server is running on port: 3000
Tue, 27 Oct 2020 11:57:53 GMT - Debug - auth.service - signup with email: ikill499@gmail.com
Tue, 27 Oct 2020 11:57:54 GMT - Error - [SIGNUP] ReferenceError: sgMail is not defined
Tue, 27 Oct 2020 11:59:09 GMT - Info - Server is running on port: 3000
Tue, 27 Oct 2020 11:59:11 GMT - Info - Server is running on port: 3000
Tue, 27 Oct 2020 11:59:19 GMT - Info - Server is running on port: 3000
Tue, 27 Oct 2020 11:59:32 GMT - Debug - auth.service - signup with email: ikill499@gmail.com
Tue, 27 Oct 2020 12:00:47 GMT - Info - Server is running on port: 3000
Tue, 27 Oct 2020 12:00:59 GMT - Info - Server is running on port: 3000
Tue, 27 Oct 2020 12:01:47 GMT - Info - Server is running on port: 3000
Tue, 27 Oct 2020 12:02:10 GMT - Info - Server is running on port: 3000
Tue, 27 Oct 2020 12:02:18 GMT - Info - Server is running on port: 3000
Tue, 27 Oct 2020 12:02:44 GMT - Info - Server is running on port: 3000
Tue, 27 Oct 2020 12:04:47 GMT - Debug - auth.service - signup with email: ikill499@gmail.com
Tue, 27 Oct 2020 12:05:29 GMT - Info - Server is running on port: 3000
Tue, 27 Oct 2020 12:05:33 GMT - Info - Server is running on port: 3000
Tue, 27 Oct 2020 12:05:41 GMT - Debug - auth.service - signup with email: adi@gmail.com
Tue, 27 Oct 2020 12:06:06 GMT - Debug - auth.service - signup with email: ikill499@gmail.com
Tue, 27 Oct 2020 12:08:13 GMT - Debug - auth.service - signup with email: ikill499@gmail.com
Tue, 27 Oct 2020 12:09:18 GMT - Info - Server is running on port: 3000
Tue, 27 Oct 2020 13:52:53 GMT - Info - Server is running on port: 3000
Tue, 27 Oct 2020 14:21:09 GMT - Info - Server is running on port: 3000
Tue, 27 Oct 2020 14:21:14 GMT - Info - Server is running on port: 3000
Tue, 27 Oct 2020 14:22:31 GMT - Info - Server is running on port: 3000
Tue, 27 Oct 2020 14:22:33 GMT - Info - Server is running on port: 3000
Tue, 27 Oct 2020 14:22:35 GMT - Info - Server is running on port: 3000
Tue, 27 Oct 2020 14:22:38 GMT - Info - Server is running on port: 3000
Tue, 27 Oct 2020 14:24:42 GMT - Info - Server is running on port: 3000
Tue, 27 Oct 2020 14:24:50 GMT - Info - Server is running on port: 3000
Tue, 27 Oct 2020 14:24:53 GMT - Info - Server is running on port: 3000
Tue, 27 Oct 2020 14:24:54 GMT - Info - Server is running on port: 3000
Tue, 27 Oct 2020 14:24:58 GMT - Info - Server is running on port: 3000
Tue, 27 Oct 2020 14:25:05 GMT - Info - Server is running on port: 3000
Tue, 27 Oct 2020 14:25:08 GMT - Info - Server is running on port: 3000
Tue, 27 Oct 2020 14:25:19 GMT - Info - Server is running on port: 3000
Tue, 27 Oct 2020 14:25:22 GMT - Info - Server is running on port: 3000
Tue, 27 Oct 2020 14:25:26 GMT - Info - Server is running on port: 3000
Tue, 27 Oct 2020 14:25:29 GMT - Info - Server is running on port: 3000
Tue, 27 Oct 2020 14:26:38 GMT - Info - Server is running on port: 3000
Tue, 27 Oct 2020 14:32:07 GMT - Info - Server is running on port: 3000
Tue, 27 Oct 2020 14:32:09 GMT - Info - Server is running on port: 3000
Tue, 27 Oct 2020 14:32:18 GMT - Info - Server is running on port: 3000
Tue, 27 Oct 2020 14:32:24 GMT - Info - Server is running on port: 3000
Tue, 27 Oct 2020 14:33:21 GMT - Info - Server is running on port: 3000
Tue, 27 Oct 2020 14:42:58 GMT - Info - Server is running on port: 3000
Tue, 27 Oct 2020 14:43:07 GMT - Info - Server is running on port: 3000
Tue, 27 Oct 2020 14:43:12 GMT - Info - Server is running on port: 3000
Tue, 27 Oct 2020 14:43:17 GMT - Info - Server is running on port: 3000
Tue, 27 Oct 2020 14:43:29 GMT - Info - Server is running on port: 3000
Tue, 27 Oct 2020 14:43:32 GMT - Info - Server is running on port: 3000
Tue, 27 Oct 2020 14:44:24 GMT - Info - Server is running on port: 3000
Tue, 27 Oct 2020 14:44:34 GMT - Info - Server is running on port: 3000
Tue, 27 Oct 2020 14:44:44 GMT - Info - Server is running on port: 3000
Tue, 27 Oct 2020 14:44:46 GMT - Info - Server is running on port: 3000
Tue, 27 Oct 2020 14:45:41 GMT - Info - Server is running on port: 3000
Tue, 27 Oct 2020 14:45:44 GMT - Info - Server is running on port: 3000
Tue, 27 Oct 2020 14:45:46 GMT - Info - Server is running on port: 3000
Tue, 27 Oct 2020 14:45:54 GMT - Info - Server is running on port: 3000
Tue, 27 Oct 2020 14:45:56 GMT - Info - Server is running on port: 3000
Tue, 27 Oct 2020 14:48:01 GMT - Info - Server is running on port: 3000
Tue, 27 Oct 2020 14:48:05 GMT - Info - Server is running on port: 3000
Tue, 27 Oct 2020 14:48:16 GMT - Info - Server is running on port: 3000
Tue, 27 Oct 2020 14:48:21 GMT - Info - Server is running on port: 3000
Tue, 27 Oct 2020 14:49:17 GMT - Info - Server is running on port: 3000
Tue, 27 Oct 2020 14:49:32 GMT - Info - Server is running on port: 3000
Tue, 27 Oct 2020 14:49:47 GMT - Info - Server is running on port: 3000
Tue, 27 Oct 2020 14:50:00 GMT - Info - Server is running on port: 3000
Tue, 27 Oct 2020 14:51:31 GMT - Debug - auth.service - signup with email: ikill499@gmail.com
Tue, 27 Oct 2020 14:52:53 GMT - Info - Server is running on port: 3000
Wed, 28 Oct 2020 08:00:44 GMT - Info - Server is running on port: 3000
Wed, 28 Oct 2020 08:21:57 GMT - Info - Server is running on port: 3000
Sun, 01 Nov 2020 16:55:38 GMT - Info - Server is running on port: 3000
Sun, 01 Nov 2020 18:12:55 GMT - Info - Server is running on port: 3000
Sun, 01 Nov 2020 18:12:56 GMT - Info - Server is running on port: 3000
Sun, 01 Nov 2020 18:12:59 GMT - Info - Server is running on port: 3000
Sun, 01 Nov 2020 18:13:23 GMT - Info - Server is running on port: 3000
Sun, 01 Nov 2020 18:21:19 GMT - Info - Server is running on port: 3000
Sun, 01 Nov 2020 18:21:48 GMT - Info - Server is running on port: 3000
Sun, 01 Nov 2020 18:26:34 GMT - Info - Server is running on port: 3000
Sun, 01 Nov 2020 19:08:28 GMT - Info - Server is running on port: 3000
Sun, 01 Nov 2020 19:08:35 GMT - Info - Server is running on port: 3000
Sun, 01 Nov 2020 21:00:53 GMT - Info - Server is running on port: 3000
